<?xml version="1.0" encoding="UTF-8"?>
<!-- Generated by org.testng.reporters.JUnitXMLReporter -->
<testsuite ignored="0" hostname="Vicky" failures="0" tests="1" name="Test-Runner-2" time="18.753" errors="0" timestamp="2023-05-02T18:47:45 IST">
  <testcase classname="SuiteFiles.TestNG_Exe_CreateNewContactVerify" name="createNewContact" time="18.73"/>
</testsuite> <!-- Test-Runner-2 -->
