<?xml version="1.0" encoding="UTF-8"?>
<!-- Generated by org.testng.reporters.JUnitXMLReporter -->
<testsuite ignored="0" hostname="Vicky" failures="0" tests="1" name="Test-Runner-Firefox" time="16.991" errors="0" timestamp="2023-04-28T06:42:42 IST">
  <testcase classname="TestNG_Exe_Suites_AND_PomClassPracticeSmokeXml.TestNG_Exe_CreateNewContactVerifyTest" name="createNewContact" time="16.964"/>
</testsuite> <!-- Test-Runner-Firefox -->
