<?xml version="1.0" encoding="UTF-8"?>
<!-- Generated by org.testng.reporters.JUnitXMLReporter -->
<testsuite ignored="0" hostname="Vicky" failures="0" tests="1" name="Test-Runner-2" time="17.015" errors="0" timestamp="2023-04-28T06:34:20 IST">
  <testcase classname="TestNG_Exe_Suites_AND_PomClassPracticeSmokeXml.TestNG_Exe_CreateNewContactVerifyTest" name="createNewContact" time="16.987"/>
</testsuite> <!-- Test-Runner-2 -->
