<?xml version="1.0" encoding="UTF-8"?>
<!-- Generated by org.testng.reporters.JUnitXMLReporter -->
<testsuite ignored="0" hostname="Vicky" failures="0" tests="1" name="Test-Runner-Chrome" time="16.752" errors="0" timestamp="2023-04-28T06:42:41 IST">
  <testcase classname="TestNG_Exe_Suites_AND_PomClassPracticeSmokeXml.TestNG_Exe_CreateNewContactVerifyTest" name="createNewContact" time="16.725"/>
</testsuite> <!-- Test-Runner-Chrome -->
