<?xml version="1.0" encoding="UTF-8"?>
<!-- Generated by org.testng.reporters.JUnitXMLReporter -->
<testsuite ignored="0" hostname="Vicky" failures="0" tests="1" name="Test-Runner-1" time="17.505" errors="0" timestamp="2023-04-28T06:34:20 IST">
  <testcase classname="TestNG_Exe_Suites_AND_PomClassPracticeSmokeXml.TestNG_Exe_CreateOrgSaveVerifyTest" name="createOrgVerify" time="17.476"/>
</testsuite> <!-- Test-Runner-1 -->
