<?xml version="1.0" encoding="UTF-8"?>
<!-- Generated by org.testng.reporters.JUnitXMLReporter -->
<testsuite ignored="0" hostname="Vicky" failures="0" tests="1" name="Test-Runner-1" time="18.585" errors="0" timestamp="2023-05-02T18:47:44 IST">
  <testcase classname="SuiteFiles.TestNG_Exe_CreateOrgSaveVerify" name="createOrgVerify" time="18.556"/>
</testsuite> <!-- Test-Runner-1 -->
