<?xml version="1.0" encoding="UTF-8"?>
<!-- Generated by org.testng.reporters.JUnitReportReporter -->
<testsuite hostname="Vicky" failures="0" tests="1" name="TestNG_Exe_Suites_AND_PomClassPracticeSmokeXml.TestNG_Exe_SmokeSuite_CreateContactSelectOrgFromLookUpVerifyLogoutTest" time="21.723" errors="0" timestamp="2023-04-28T06:27:44 IST" skipped="0">
  <testcase classname="TestNG_Exe_Suites_AND_PomClassPracticeSmokeXml.TestNG_Exe_SmokeSuite_CreateContactSelectOrgFromLookUpVerifyLogoutTest" name="createConSelectOrgFrmLookupIcon" time="21.723"/>
  <system-out/>
</testsuite> <!-- TestNG_Exe_Suites_AND_PomClassPracticeSmokeXml.TestNG_Exe_SmokeSuite_CreateContactSelectOrgFromLookUpVerifyLogoutTest -->
