<?xml version="1.0" encoding="UTF-8"?>
<!-- Generated by org.testng.reporters.JUnitReportReporter -->
<testsuite hostname="Vicky" failures="0" tests="1" name="SuiteFiles.TestNG_Exe_RegressionSuite_CreateOrgSelectChemicalFromIndDrpDwn" time="14.600" errors="0" timestamp="2023-05-03T18:59:17 IST" skipped="0">
  <testcase classname="SuiteFiles.TestNG_Exe_RegressionSuite_CreateOrgSelectChemicalFromIndDrpDwn" name="createOrgSelectChemicalFrmDrpDwn" time="14.600"/>
  <system-out/>
</testsuite> <!-- SuiteFiles.TestNG_Exe_RegressionSuite_CreateOrgSelectChemicalFromIndDrpDwn -->
