<?xml version="1.0" encoding="UTF-8"?>
<!-- Generated by org.testng.reporters.JUnitReportReporter -->
<testsuite hostname="Vicky" failures="0" tests="2" name="vtigerScenariosPractice.CreateContactSaveVerifyTest" time="35.150" errors="0" timestamp="2023-04-26T22:30:35 IST" skipped="0">
  <testcase classname="vtigerScenariosPractice.CreateContactSaveVerifyTest" name="createOrg" time="7.187"/>
  <system-out/>
  <testcase classname="vtigerScenariosPractice.CreateContactSaveVerifyTest" name="createContact" time="27.963"/>
  <system-out/>
</testsuite> <!-- vtigerScenariosPractice.CreateContactSaveVerifyTest -->
