<?xml version="1.0" encoding="UTF-8"?>
<!-- Generated by org.testng.reporters.JUnitReportReporter -->
<testsuite hostname="Vicky" failures="0" tests="1" name="SuiteFiles.TestNG_Exe_CreateNewContactVerify" time="18.730" errors="0" timestamp="2023-05-02T18:47:45 IST" skipped="0">
  <testcase classname="SuiteFiles.TestNG_Exe_CreateNewContactVerify" name="createNewContact" time="18.730"/>
  <system-out/>
</testsuite> <!-- SuiteFiles.TestNG_Exe_CreateNewContactVerify -->
