<?xml version="1.0" encoding="UTF-8"?>
<!-- Generated by org.testng.reporters.JUnitReportReporter -->
<testsuite hostname="Vicky" failures="0" tests="3" name="TestNg.DataProviderExampleProgram" time="0.015" errors="0" timestamp="2023-04-13T10:32:37 IST" skipped="0">
  <testcase classname="TestNg.DataProviderExampleProgram" name="sampleDataProviderTest" time="0.001"/>
  <system-out/>
  <testcase classname="TestNg.DataProviderExampleProgram" name="sampleDataProviderTest" time="0.013"/>
  <system-out/>
  <testcase classname="TestNg.DataProviderExampleProgram" name="sampleDataProviderTest" time="0.001"/>
  <system-out/>
</testsuite> <!-- TestNg.DataProviderExampleProgram -->
