<?xml version="1.0" encoding="UTF-8"?>
<!-- Generated by org.testng.reporters.JUnitReportReporter -->
<testsuite hostname="Vicky" failures="0" tests="1" name="TestNg.MakeMyTripFlightBookingCurrentDateCalendarPopup" time="5.874" errors="0" timestamp="2023-05-19T15:25:04 IST" skipped="0">
  <testcase classname="TestNg.MakeMyTripFlightBookingCurrentDateCalendarPopup" name="selectCurrentDate" time="5.874"/>
  <system-out/>
</testsuite> <!-- TestNg.MakeMyTripFlightBookingCurrentDateCalendarPopup -->
