<?xml version="1.0" encoding="UTF-8"?>
<!-- Generated by org.testng.reporters.JUnitReportReporter -->
<testsuite hostname="Vicky" failures="0" tests="1" name="SuiteFiles.TestNG_Exe_RegressionSuite_CreateOrgSelectChemicalFromIndDrpDwn" time="37.126" errors="0" timestamp="2023-05-02T17:47:27 IST" skipped="0">
  <testcase classname="SuiteFiles.TestNG_Exe_RegressionSuite_CreateOrgSelectChemicalFromIndDrpDwn" name="createOrgSelectChemicalFrmDrpDwn" time="37.126"/>
  <system-out/>
</testsuite> <!-- SuiteFiles.TestNG_Exe_RegressionSuite_CreateOrgSelectChemicalFromIndDrpDwn -->
