<?xml version="1.0" encoding="UTF-8"?>
<!-- Generated by org.testng.reporters.JUnitReportReporter -->
<testsuite hostname="Vicky" failures="0" tests="1" name="RunTimeParametersORmavenParameters.ReadDataFromCommandLine" time="0.010" errors="0" timestamp="2023-05-18T07:59:27 IST" skipped="0">
  <testcase classname="RunTimeParametersORmavenParameters.ReadDataFromCommandLine" name="readData" time="0.010"/>
  <system-out/>
</testsuite> <!-- RunTimeParametersORmavenParameters.ReadDataFromCommandLine -->
