<?xml version="1.0" encoding="UTF-8"?>
<!-- Generated by org.testng.reporters.JUnitReportReporter -->
<testsuite hostname="Vicky" failures="0" tests="5" name="TestNg.CreateMultipleOrginazitionsTest" time="59.315" errors="0" timestamp="2023-04-17T08:49:03 IST" skipped="0">
  <testcase classname="TestNg.CreateMultipleOrginazitionsTest" name="createMultipleOrgs" time="11.606"/>
  <system-out/>
  <testcase classname="TestNg.CreateMultipleOrginazitionsTest" name="createMultipleOrgs" time="11.864"/>
  <system-out/>
  <testcase classname="TestNg.CreateMultipleOrginazitionsTest" name="createMultipleOrgs" time="12.211"/>
  <system-out/>
  <testcase classname="TestNg.CreateMultipleOrginazitionsTest" name="createMultipleOrgs" time="11.956"/>
  <system-out/>
  <testcase classname="TestNg.CreateMultipleOrginazitionsTest" name="createMultipleOrgs" time="11.678"/>
  <system-out/>
</testsuite> <!-- TestNg.CreateMultipleOrginazitionsTest -->
