<?xml version="1.0" encoding="UTF-8"?>
<!-- Generated by org.testng.reporters.JUnitReportReporter -->
<testsuite hostname="Vicky" failures="0" tests="1" name="RumTimeParametersORmavenParameters.ReadDataFromCommandLine" time="0.011" errors="0" timestamp="2023-04-26T11:00:34 IST" skipped="0">
  <testcase classname="RumTimeParametersORmavenParameters.ReadDataFromCommandLine" name="readData" time="0.011"/>
  <system-out/>
</testsuite> <!-- RumTimeParametersORmavenParameters.ReadDataFromCommandLine -->
