<?xml version="1.0" encoding="UTF-8"?>
<!-- Generated by org.testng.reporters.JUnitReportReporter -->
<testsuite hostname="Vicky" failures="0" tests="1" name="TestNg.MakeMyTripFlightBookingSelectAnyDateInDomCalendarPopup" time="13.615" errors="0" timestamp="2023-05-19T15:23:39 IST" skipped="0">
  <testcase classname="TestNg.MakeMyTripFlightBookingSelectAnyDateInDomCalendarPopup" name="flight" time="13.615"/>
  <system-out/>
</testsuite> <!-- TestNg.MakeMyTripFlightBookingSelectAnyDateInDomCalendarPopup -->
