<?xml version="1.0" encoding="UTF-8"?>
<!-- Generated by org.testng.reporters.JUnitReportReporter -->
<testsuite hostname="Vicky" failures="0" tests="2" name="TestNG_Exe_Suites_AND_PomClassPracticeSmokeXml.TestNG_Exe_CreateNewContactVerifyTest" time="33.689" errors="0" timestamp="2023-04-28T06:42:42 IST" skipped="0">
  <testcase classname="TestNG_Exe_Suites_AND_PomClassPracticeSmokeXml.TestNG_Exe_CreateNewContactVerifyTest" name="createNewContact" time="16.964"/>
  <system-out/>
  <testcase classname="TestNG_Exe_Suites_AND_PomClassPracticeSmokeXml.TestNG_Exe_CreateNewContactVerifyTest" name="createNewContact" time="16.725"/>
  <system-out/>
</testsuite> <!-- TestNG_Exe_Suites_AND_PomClassPracticeSmokeXml.TestNG_Exe_CreateNewContactVerifyTest -->
