<?xml version="1.0" encoding="UTF-8"?>
<!-- Generated by org.testng.reporters.JUnitReportReporter -->
<testsuite hostname="Vicky" failures="0" tests="1" name="PomClassPracticeSmokeXml.TestNG_Exe_CreateNewContactVerify" time="14.318" errors="0" timestamp="2023-04-27T14:47:12 IST" skipped="0">
  <testcase classname="PomClassPracticeSmokeXml.TestNG_Exe_CreateNewContactVerify" name="createNewContact" time="14.318"/>
  <system-out/>
</testsuite> <!-- PomClassPracticeSmokeXml.TestNG_Exe_CreateNewContactVerify -->
