<?xml version="1.0" encoding="UTF-8"?>
<!-- Generated by org.testng.reporters.JUnitReportReporter -->
<testsuite hostname="Vicky" failures="0" tests="1" name="SuiteFiles.TestNG_Exe_CreateNewContactVerify" time="13.152" errors="0" timestamp="2023-05-03T19:07:00 IST" skipped="0">
  <testcase classname="SuiteFiles.TestNG_Exe_CreateNewContactVerify" name="createNewContact" time="13.152"/>
  <system-out/>
</testsuite> <!-- SuiteFiles.TestNG_Exe_CreateNewContactVerify -->
