<?xml version="1.0" encoding="UTF-8"?>
<!-- Generated by org.testng.reporters.JUnitReportReporter -->
<testsuite hostname="Vicky" failures="0" tests="1" name="PomClassPractice.CreateOrgSaveVerify" time="17.801" errors="0" timestamp="2023-04-27T10:13:30 IST" skipped="0">
  <testcase classname="PomClassPractice.CreateOrgSaveVerify" name="createOrgVerify" time="17.801"/>
  <system-out/>
</testsuite> <!-- PomClassPractice.CreateOrgSaveVerify -->
