<?xml version="1.0" encoding="UTF-8"?>
<!-- Generated by org.testng.reporters.JUnitReportReporter -->
<testsuite hostname="Vicky" failures="0" tests="1" name="SuiteFiles.TestNG_CreateOrgVerify" time="15.093" errors="0" timestamp="2023-05-03T18:58:48 IST" skipped="0">
  <testcase classname="SuiteFiles.TestNG_CreateOrgVerify" name="createOrgVerify" time="15.093"/>
  <system-out/>
</testsuite> <!-- SuiteFiles.TestNG_CreateOrgVerify -->
