<?xml version="1.0" encoding="UTF-8"?>
<!-- Generated by org.testng.reporters.JUnitReportReporter -->
<testsuite hostname="Vicky" failures="0" tests="1" name="SuiteFiles.LaunchingFirefox" time="4.660" errors="0" timestamp="2023-06-01T22:48:13 IST" skipped="0">
  <testcase classname="SuiteFiles.LaunchingFirefox" name="BrowserTest" time="4.660"/>
  <system-out/>
</testsuite> <!-- SuiteFiles.LaunchingFirefox -->
