<?xml version="1.0" encoding="UTF-8"?>
<!-- Generated by org.testng.reporters.JUnitReportReporter -->
<testsuite hostname="Vicky" failures="0" tests="1" name="RetryAnaliserTopics.RetryAnaliserPracticeClass" time="0.006" errors="0" timestamp="2023-05-18T08:23:42 IST" skipped="0">
  <testcase classname="RetryAnaliserTopics.RetryAnaliserPracticeClass" name="analiserPractice" time="0.006"/>
  <system-out/>
</testsuite> <!-- RetryAnaliserTopics.RetryAnaliserPracticeClass -->
