<?xml version="1.0" encoding="UTF-8"?>
<!-- Generated by org.testng.reporters.JUnitReportReporter -->
<testsuite hostname="Vicky" failures="0" tests="5" name="TestNg.CreateMultipleContactsTest" time="67.456" errors="0" timestamp="2023-04-17T08:46:34 IST" skipped="0">
  <testcase classname="TestNg.CreateMultipleContactsTest" name="createMultipleContacts" time="11.607"/>
  <system-out/>
  <testcase classname="TestNg.CreateMultipleContactsTest" name="createMultipleContacts" time="12.278"/>
  <system-out/>
  <testcase classname="TestNg.CreateMultipleContactsTest" name="createMultipleContacts" time="11.617"/>
  <system-out/>
  <testcase classname="TestNg.CreateMultipleContactsTest" name="createMultipleContacts" time="20.279"/>
  <system-out/>
  <testcase classname="TestNg.CreateMultipleContactsTest" name="createMultipleContacts" time="11.675"/>
  <system-out/>
</testsuite> <!-- TestNg.CreateMultipleContactsTest -->
