<?xml version="1.0" encoding="UTF-8"?>
<!-- Generated by org.testng.reporters.JUnitReportReporter -->
<testsuite hostname="Vicky" failures="0" tests="1" name="SuiteFiles.TestNG_Exe_SmokeSuite_CreateOrgChemical" time="17.584" errors="0" timestamp="2023-06-01T22:09:03 IST" skipped="0">
  <testcase classname="SuiteFiles.TestNG_Exe_SmokeSuite_CreateOrgChemical" name="createOrgSelectChemicalFrmDrpDwn" time="17.584"/>
  <system-out/>
</testsuite> <!-- SuiteFiles.TestNG_Exe_SmokeSuite_CreateOrgChemical -->
