<?xml version="1.0" encoding="UTF-8"?>
<!-- Generated by org.testng.reporters.JUnitReportReporter -->
<testsuite hostname="Vicky" failures="0" tests="2" name="SuiteFiles.TestNG_Exe_RegressionSuite_CreateOrgSelectChemicalFromIndDrpDwn" time="16.892" errors="0" timestamp="2023-06-01T22:13:32 IST" skipped="0">
  <testcase classname="SuiteFiles.TestNG_Exe_RegressionSuite_CreateOrgSelectChemicalFromIndDrpDwn" name="createOrgSelectChemicalFrmDrpDwn" time="16.892"/>
  <system-out/>
  <testcase classname="SuiteFiles.TestNG_Exe_RegressionSuite_CreateOrgSelectChemicalFromIndDrpDwn" name="gvc" time="0.000"/>
  <system-out/>
</testsuite> <!-- SuiteFiles.TestNG_Exe_RegressionSuite_CreateOrgSelectChemicalFromIndDrpDwn -->
