<?xml version="1.0" encoding="UTF-8"?>
<!-- Generated by org.testng.reporters.JUnitReportReporter -->
<testsuite hostname="Vicky" failures="0" tests="1" name="TestNG_Exe_Suites_AND_PomClassPracticeSmokeXml.TestNG_Exe_CreateOrgSaveVerifyTest" time="17.476" errors="0" timestamp="2023-04-28T06:34:20 IST" skipped="0">
  <testcase classname="TestNG_Exe_Suites_AND_PomClassPracticeSmokeXml.TestNG_Exe_CreateOrgSaveVerifyTest" name="createOrgVerify" time="17.476"/>
  <system-out/>
</testsuite> <!-- TestNG_Exe_Suites_AND_PomClassPracticeSmokeXml.TestNG_Exe_CreateOrgSaveVerifyTest -->
