<?xml version="1.0" encoding="UTF-8"?>
<!-- Generated by org.testng.reporters.JUnitReportReporter -->
<testsuite hostname="Vicky" failures="0" tests="5" name="VickyvtigerGenericUtilityScenariosPracticeTestNG.CreateContactVerifyTest" time="61.919" errors="0" timestamp="2023-04-17T10:50:49 IST" skipped="0">
  <testcase classname="VickyvtigerGenericUtilityScenariosPracticeTestNG.CreateContactVerifyTest" name="createContactSaveVerify" time="12.615"/>
  <system-out/>
  <testcase classname="VickyvtigerGenericUtilityScenariosPracticeTestNG.CreateContactVerifyTest" name="createContactSaveVerify" time="12.743"/>
  <system-out/>
  <testcase classname="VickyvtigerGenericUtilityScenariosPracticeTestNG.CreateContactVerifyTest" name="createContactSaveVerify" time="11.828"/>
  <system-out/>
  <testcase classname="VickyvtigerGenericUtilityScenariosPracticeTestNG.CreateContactVerifyTest" name="createContactSaveVerify" time="12.352"/>
  <system-out/>
  <testcase classname="VickyvtigerGenericUtilityScenariosPracticeTestNG.CreateContactVerifyTest" name="createContactSaveVerify" time="12.381"/>
  <system-out/>
</testsuite> <!-- VickyvtigerGenericUtilityScenariosPracticeTestNG.CreateContactVerifyTest -->
