<?xml version="1.0" encoding="UTF-8"?>
<!-- Generated by org.testng.reporters.JUnitReportReporter -->
<testsuite hostname="Vicky" failures="0" tests="5" name="VickyvtigerDataProviderGenericUtilityScenariosPracticeTestNG.CreateMultipleContacts" time="70.004" errors="0" timestamp="2023-04-28T23:47:55 IST" skipped="0">
  <testcase classname="VickyvtigerDataProviderGenericUtilityScenariosPracticeTestNG.CreateMultipleContacts" name="createMultipleContacts" time="10.920"/>
  <system-out/>
  <testcase classname="VickyvtigerDataProviderGenericUtilityScenariosPracticeTestNG.CreateMultipleContacts" name="createMultipleContacts" time="10.621"/>
  <system-out/>
  <testcase classname="VickyvtigerDataProviderGenericUtilityScenariosPracticeTestNG.CreateMultipleContacts" name="createMultipleContacts" time="10.917"/>
  <system-out/>
  <testcase classname="VickyvtigerDataProviderGenericUtilityScenariosPracticeTestNG.CreateMultipleContacts" name="createMultipleContacts" time="15.082"/>
  <system-out/>
  <testcase classname="VickyvtigerDataProviderGenericUtilityScenariosPracticeTestNG.CreateMultipleContacts" name="createMultipleContacts" time="22.464"/>
  <system-out/>
</testsuite> <!-- VickyvtigerDataProviderGenericUtilityScenariosPracticeTestNG.CreateMultipleContacts -->
