<?xml version="1.0" encoding="UTF-8"?>
<!-- Generated by org.testng.reporters.JUnitReportReporter -->
<testsuite hostname="Vicky" failures="0" tests="5" name="TestNg.CreateMultipleOrgWithIndTest" time="69.739" errors="0" timestamp="2023-04-17T10:08:53 IST" skipped="0">
  <testcase classname="TestNg.CreateMultipleOrgWithIndTest" name="createMultipleOrgTest" time="12.470"/>
  <system-out/>
  <testcase classname="TestNg.CreateMultipleOrgWithIndTest" name="createMultipleOrgTest" time="12.264"/>
  <system-out/>
  <testcase classname="TestNg.CreateMultipleOrgWithIndTest" name="createMultipleOrgTest" time="12.586"/>
  <system-out/>
  <testcase classname="TestNg.CreateMultipleOrgWithIndTest" name="createMultipleOrgTest" time="19.752"/>
  <system-out/>
  <testcase classname="TestNg.CreateMultipleOrgWithIndTest" name="createMultipleOrgTest" time="12.667"/>
  <system-out/>
</testsuite> <!-- TestNg.CreateMultipleOrgWithIndTest -->
