<?xml version="1.0" encoding="UTF-8"?>
<!-- Generated by org.testng.reporters.JUnitReportReporter -->
<testsuite hostname="Vicky" failures="0" tests="1" name="RunTimeParametersORmavenParameters.ReadDataFromCommandLine" time="0.008" errors="0" timestamp="2023-04-30T18:05:41 IST" skipped="0">
  <testcase classname="RunTimeParametersORmavenParameters.ReadDataFromCommandLine" name="readData" time="0.008"/>
  <system-out/>
</testsuite> <!-- RunTimeParametersORmavenParameters.ReadDataFromCommandLine -->
